<?xml version="1.0" encoding="UTF-8"?>
<testng-results ignored="0" total="4" passed="4" failed="0" skipped="0">
  <reporter-output>
  </reporter-output>
  <suite started-at="2025-02-11T11:26:47 IST" name="CloseBuic Suite " finished-at="2025-02-11T11:27:03 IST" duration-ms="15493">
    <groups>
    </groups>
    <test started-at="2025-02-11T11:26:47 IST" name="CloseBuic Test" finished-at="2025-02-11T11:26:56 IST" duration-ms="8902">
      <class name="Ac.zNewFormTest">
        <test-method is-config="true" signature="setUp(java.lang.String, java.lang.String)[pri:0, instance:Ac.zNewFormTest@235ecd9f]" started-at="2025-02-11T11:26:47 IST" name="setUp" finished-at="2025-02-11T11:26:56 IST" duration-ms="8408" status="PASS">
          <params>
            <param index="0">
              <value>
                <![CDATA[chrome]]>
              </value>
            </param>
            <param index="1">
              <value>
                <![CDATA[qaurl]]>
              </value>
            </param>
          </params>
          <reporter-output>
          </reporter-output>
        </test-method> <!-- setUp -->
        <test-method is-config="true" signature="setUp(java.lang.String, java.lang.String)[pri:0, instance:Ac.zNewFormTest@235ecd9f]" started-at="2025-02-11T11:26:47 IST" name="setUp" finished-at="2025-02-11T11:26:55 IST" duration-ms="7887" status="PASS">
          <params>
            <param index="0">
              <value>
                <![CDATA[chrome]]>
              </value>
            </param>
            <param index="1">
              <value>
                <![CDATA[qaurl]]>
              </value>
            </param>
          </params>
          <reporter-output>
          </reporter-output>
        </test-method> <!-- setUp -->
        <test-method signature="t2()[pri:0, instance:Ac.zNewFormTest@235ecd9f]" started-at="2025-02-11T11:26:55 IST" name="t2" finished-at="2025-02-11T11:26:55 IST" duration-ms="33" status="PASS">
          <reporter-output>
          </reporter-output>
        </test-method> <!-- t2 -->
        <test-method is-config="true" signature="tearDown()[pri:0, instance:Ac.zNewFormTest@235ecd9f]" started-at="2025-02-11T11:26:55 IST" name="tearDown" finished-at="2025-02-11T11:26:56 IST" duration-ms="312" status="PASS">
          <reporter-output>
          </reporter-output>
        </test-method> <!-- tearDown -->
        <test-method signature="t()[pri:0, instance:Ac.zNewFormTest@235ecd9f]" started-at="2025-02-11T11:26:56 IST" name="t" finished-at="2025-02-11T11:26:56 IST" duration-ms="4" status="PASS">
          <reporter-output>
          </reporter-output>
        </test-method> <!-- t -->
        <test-method is-config="true" signature="tearDown()[pri:0, instance:Ac.zNewFormTest@235ecd9f]" started-at="2025-02-11T11:26:56 IST" name="tearDown" finished-at="2025-02-11T11:26:56 IST" duration-ms="329" status="PASS">
          <reporter-output>
          </reporter-output>
        </test-method> <!-- tearDown -->
      </class> <!-- Ac.zNewFormTest -->
    </test> <!-- CloseBuic Test -->
    <test started-at="2025-02-11T11:26:57 IST" name="CloseBuic Test edge" finished-at="2025-02-11T11:27:03 IST" duration-ms="5813">
      <class name="Ac.zNewFormTest">
        <test-method is-config="true" signature="delSS()[pri:0, instance:Ac.zNewFormTest@606e4010]" started-at="2025-02-11T11:26:47 IST" name="delSS" finished-at="2025-02-11T11:26:47 IST" duration-ms="15" status="PASS">
          <reporter-output>
          </reporter-output>
        </test-method> <!-- delSS -->
        <test-method is-config="true" signature="setUp(java.lang.String, java.lang.String)[pri:0, instance:Ac.zNewFormTest@606e4010]" started-at="2025-02-11T11:26:57 IST" name="setUp" finished-at="2025-02-11T11:27:01 IST" duration-ms="4451" status="PASS">
          <params>
            <param index="0">
              <value>
                <![CDATA[edge]]>
              </value>
            </param>
            <param index="1">
              <value>
                <![CDATA[qaurl]]>
              </value>
            </param>
          </params>
          <reporter-output>
          </reporter-output>
        </test-method> <!-- setUp -->
        <test-method is-config="true" signature="setUp(java.lang.String, java.lang.String)[pri:0, instance:Ac.zNewFormTest@606e4010]" started-at="2025-02-11T11:26:57 IST" name="setUp" finished-at="2025-02-11T11:27:01 IST" duration-ms="4529" status="PASS">
          <params>
            <param index="0">
              <value>
                <![CDATA[edge]]>
              </value>
            </param>
            <param index="1">
              <value>
                <![CDATA[qaurl]]>
              </value>
            </param>
          </params>
          <reporter-output>
          </reporter-output>
        </test-method> <!-- setUp -->
        <test-method signature="t2()[pri:0, instance:Ac.zNewFormTest@606e4010]" started-at="2025-02-11T11:27:01 IST" name="t2" finished-at="2025-02-11T11:27:01 IST" duration-ms="3" status="PASS">
          <reporter-output>
          </reporter-output>
        </test-method> <!-- t2 -->
        <test-method signature="t()[pri:0, instance:Ac.zNewFormTest@606e4010]" started-at="2025-02-11T11:27:01 IST" name="t" finished-at="2025-02-11T11:27:01 IST" duration-ms="4" status="PASS">
          <reporter-output>
          </reporter-output>
        </test-method> <!-- t -->
        <test-method is-config="true" signature="tearDown()[pri:0, instance:Ac.zNewFormTest@606e4010]" started-at="2025-02-11T11:27:01 IST" name="tearDown" finished-at="2025-02-11T11:27:02 IST" duration-ms="349" status="PASS">
          <reporter-output>
          </reporter-output>
        </test-method> <!-- tearDown -->
        <test-method is-config="true" signature="tearDown()[pri:0, instance:Ac.zNewFormTest@606e4010]" started-at="2025-02-11T11:27:02 IST" name="tearDown" finished-at="2025-02-11T11:27:03 IST" duration-ms="212" status="PASS">
          <reporter-output>
          </reporter-output>
        </test-method> <!-- tearDown -->
      </class> <!-- Ac.zNewFormTest -->
    </test> <!-- CloseBuic Test edge -->
  </suite> <!-- CloseBuic Suite  -->
</testng-results>
